
> vibe-generated-app@1.0.0 dev
> vite


  VITE v5.4.20  ready in 290 ms

  ➜  Local:   http://localhost:3000/
  ➜  Network: http://172.20.0.16:3000/
9:05:27 AM [vite] Pre-transform error: Failed to resolve import "@react-three/fiber" from "src/pages/Contact.jsx". Does the file exist?
9:05:27 AM [vite] Pre-transform error: Failed to resolve import "@react-three/fiber" from "src/pages/About.jsx". Does the file exist?
9:05:27 AM [vite] Pre-transform error: Failed to resolve import "@react-three/fiber" from "src/pages/Projects.jsx". Does the file exist?
9:05:28 AM [vite] Internal server error: Failed to resolve import "@react-three/fiber" from "src/pages/About.jsx". Does the file exist?
  Plugin: vite:import-analysis
  File: /home/workspace/src/pages/About.jsx:1:23
  1  |  import { Fragment, jsxDEV } from "react/jsx-dev-runtime";
  2  |  import { Canvas } from "@react-three/fiber";
     |                          ^
  3  |  import { OrbitControls, Environment, Html, Float, Text } from "@react-three/drei";
  4  |  import { motion } from "framer-motion";
      at TransformPluginContext._formatError (file:///home/workspace/node_modules/vite/dist/node/chunks/dep-D_zLpgQd.js:49258:41)
      at TransformPluginContext.error (file:///home/workspace/node_modules/vite/dist/node/chunks/dep-D_zLpgQd.js:49253:16)
      at normalizeUrl (file:///home/workspace/node_modules/vite/dist/node/chunks/dep-D_zLpgQd.js:64306:23)
      at process.processTicksAndRejections (node:internal/process/task_queues:105:5)
      at async file:///home/workspace/node_modules/vite/dist/node/chunks/dep-D_zLpgQd.js:64438:39
      at async Promise.all (index 1)
      at async TransformPluginContext.transform (file:///home/workspace/node_modules/vite/dist/node/chunks/dep-D_zLpgQd.js:64365:7)
      at async PluginContainer.transform (file:///home/workspace/node_modules/vite/dist/node/chunks/dep-D_zLpgQd.js:49099:18)
      at async loadAndTransform (file:///home/workspace/node_modules/vite/dist/node/chunks/dep-D_zLpgQd.js:51977:27)
      at async viteTransformMiddleware (file:///home/workspace/node_modules/vite/dist/node/chunks/dep-D_zLpgQd.js:62105:24)
9:05:28 AM [vite] Internal server error: Failed to resolve import "@react-three/fiber" from "src/pages/Projects.jsx". Does the file exist?
  Plugin: vite:import-analysis
  File: /home/workspace/src/pages/Projects.jsx:1:23
  1  |  import { Fragment, jsxDEV } from "react/jsx-dev-runtime";
  2  |  import { Canvas } from "@react-three/fiber";
     |                          ^
  3  |  import { Environment, Float, Html } from "@react-three/drei";
  4  |  import Navbar from "../components/Navbar";
      at TransformPluginContext._formatError (file:///home/workspace/node_modules/vite/dist/node/chunks/dep-D_zLpgQd.js:49258:41)
      at TransformPluginContext.error (file:///home/workspace/node_modules/vite/dist/node/chunks/dep-D_zLpgQd.js:49253:16)
      at normalizeUrl (file:///home/workspace/node_modules/vite/dist/node/chunks/dep-D_zLpgQd.js:64306:23)
      at process.processTicksAndRejections (node:internal/process/task_queues:105:5)
      at async file:///home/workspace/node_modules/vite/dist/node/chunks/dep-D_zLpgQd.js:64438:39
      at async Promise.all (index 1)
      at async TransformPluginContext.transform (file:///home/workspace/node_modules/vite/dist/node/chunks/dep-D_zLpgQd.js:64365:7)
      at async PluginContainer.transform (file:///home/workspace/node_modules/vite/dist/node/chunks/dep-D_zLpgQd.js:49099:18)
      at async loadAndTransform (file:///home/workspace/node_modules/vite/dist/node/chunks/dep-D_zLpgQd.js:51977:27)
      at async viteTransformMiddleware (file:///home/workspace/node_modules/vite/dist/node/chunks/dep-D_zLpgQd.js:62105:24)
9:05:28 AM [vite] Internal server error: Failed to resolve import "@react-three/fiber" from "src/pages/Contact.jsx". Does the file exist?
  Plugin: vite:import-analysis
  File: /home/workspace/src/pages/Contact.jsx:1:23
  1  |  import { jsxDEV } from "react/jsx-dev-runtime";
  2  |  import { Canvas } from "@react-three/fiber";
     |                          ^
  3  |  import { Environment, Float, Text } from "@react-three/drei";
  4  |  import Navbar from "../components/Navbar";
      at TransformPluginContext._formatError (file:///home/workspace/node_modules/vite/dist/node/chunks/dep-D_zLpgQd.js:49258:41)
      at TransformPluginContext.error (file:///home/workspace/node_modules/vite/dist/node/chunks/dep-D_zLpgQd.js:49253:16)
      at normalizeUrl (file:///home/workspace/node_modules/vite/dist/node/chunks/dep-D_zLpgQd.js:64306:23)
      at process.processTicksAndRejections (node:internal/process/task_queues:105:5)
      at async file:///home/workspace/node_modules/vite/dist/node/chunks/dep-D_zLpgQd.js:64438:39
      at async Promise.all (index 1)
      at async TransformPluginContext.transform (file:///home/workspace/node_modules/vite/dist/node/chunks/dep-D_zLpgQd.js:64365:7)
      at async PluginContainer.transform (file:///home/workspace/node_modules/vite/dist/node/chunks/dep-D_zLpgQd.js:49099:18)
      at async loadAndTransform (file:///home/workspace/node_modules/vite/dist/node/chunks/dep-D_zLpgQd.js:51977:27)
      at async viteTransformMiddleware (file:///home/workspace/node_modules/vite/dist/node/chunks/dep-D_zLpgQd.js:62105:24)
